<?xml version="1.0" encoding="UTF-8"?>
<!-- Generated by org.testng.reporters.JUnitReportReporter -->
<testsuite hostname="DESKTOP-TI6U62J" failures="0" tests="7" name="org.testNG1.ToUnderstandPriorityAttribute" time="0.017" errors="0" timestamp="2025-03-03T12:19:02 IST" skipped="0">
  <testcase classname="org.testNG1.ToUnderstandPriorityAttribute" name="method1" time="0.010"/>
  <system-out>
    <![CDATA[This is testNG method1]]>
  </system-out>
  <testcase classname="org.testNG1.ToUnderstandPriorityAttribute" name="method2" time="0.001"/>
  <system-out>
    <![CDATA[This is testNG method2]]>
  </system-out>
  <testcase classname="org.testNG1.ToUnderstandPriorityAttribute" name="register" time="0.001"/>
  <system-out>
    <![CDATA[This is Register Method]]>
  </system-out>
  <testcase classname="org.testNG1.ToUnderstandPriorityAttribute" name="login" time="0.001"/>
  <system-out>
    <![CDATA[This is Login Method]]>
  </system-out>
  <testcase classname="org.testNG1.ToUnderstandPriorityAttribute" name="checkAccountBalance" time="0.002"/>
  <system-out>
    <![CDATA[This is Check Account Balance Method]]>
  </system-out>
  <testcase classname="org.testNG1.ToUnderstandPriorityAttribute" name="moneyTransfer" time="0.001"/>
  <system-out>
    <![CDATA[This is Money Transfer Method]]>
  </system-out>
  <testcase classname="org.testNG1.ToUnderstandPriorityAttribute" name="logout" time="0.001"/>
  <system-out>
    <![CDATA[This is Lgout Method]]>
  </system-out>
</testsuite> <!-- org.testNG1.ToUnderstandPriorityAttribute -->
