<?xml version="1.0" encoding="UTF-8"?>
<!-- Generated by org.testng.reporters.JUnitReportReporter -->
<testsuite hostname="DESKTOP-TI6U62J" failures="0" tests="1" name="testNGAnnotation.ToUnderstandAnnotation" time="0.015" errors="0" timestamp="2025-03-07T11:33:02 IST" skipped="0">
  <testcase classname="testNGAnnotation.ToUnderstandAnnotation" name="test" time="0.015"/>
  <system-out>
    <![CDATA[This is Test]]>
  </system-out>
</testsuite> <!-- testNGAnnotation.ToUnderstandAnnotation -->
