<?xml version="1.0" encoding="UTF-8"?>
<!-- Generated by org.testng.reporters.JUnitReportReporter -->
<testsuite hostname="DESKTOP-TI6U62J" failures="0" tests="3" name="testNGDataProvider.LoginWithDataProvider" time="30.266" errors="0" timestamp="2025-03-10T12:03:24 IST" skipped="0">
  <testcase classname="testNGDataProvider.LoginWithDataProvider" name="inValidLoginTC" time="9.028"/>
  <system-out/>
  <testcase classname="testNGDataProvider.LoginWithDataProvider" name="inValidLoginTC" time="11.672"/>
  <system-out/>
  <testcase classname="testNGDataProvider.LoginWithDataProvider" name="inValidLoginTC" time="9.566"/>
  <system-out/>
</testsuite> <!-- testNGDataProvider.LoginWithDataProvider -->
