<?xml version="1.0" encoding="UTF-8"?>
<!-- Generated by org.testng.reporters.JUnitReportReporter -->
<testsuite hostname="DESKTOP-TI6U62J" failures="0" tests="2" name="org.testNG1.Demo" time="0.015" errors="0" timestamp="2025-03-03T12:07:29 IST" skipped="0">
  <testcase classname="org.testNG1.Demo" name="method2" time="0.013"/>
  <system-out>
    <![CDATA[This is testNG method2]]>
  </system-out>
  <testcase classname="org.testNG1.Demo" name="method1" time="0.002"/>
  <system-out>
    <![CDATA[This is testNG method1]]>
  </system-out>
</testsuite> <!-- org.testNG1.Demo -->
