<?xml version="1.0" encoding="UTF-8"?>
<!-- Generated by org.testng.reporters.JUnitReportReporter -->
<testsuite hostname="DESKTOP-TI6U62J" failures="0" tests="1" name="testPackage.TC_AddToCart_001_Test" time="30.695" errors="0" timestamp="2025-03-19T10:42:34 IST" skipped="0">
  <testcase classname="testPackage.TC_AddToCart_001_Test" name="addToCartMethod" time="30.695"/>
  <system-out/>
</testsuite> <!-- testPackage.TC_AddToCart_001_Test -->
